<?xml version="1.0" encoding="UTF-8" ?>
<testsuite errors="0" failures="0" hostname="LON-WS00304" name="com.example.simple.SimpleTest" tests="3" time="0.26" timestamp="2010-12-14T15:13:13">
  <properties>
[...]
</properties>
  <testcase classname="com.example.simple.SimpleTest" name="testSquare" time="0.0020" />
  <testcase classname="com.example.simple.SimpleTest" name="testF" time="0.0010" />
  <testcase classname="com.example.simple.SimpleTest" name="testSum" time="0.01" />
  <system-out><![CDATA[]]></system-out>
  <system-err><![CDATA[]]></system-err>
</testsuite>
